Using pre-set license
Built from '2021.3/staging' branch; Version is '2021.3.10f1 (1c7d0df0160b) revision 1867021'; Using compiler version '192829333'; Build Type 'Release'
OS: 'Windows 10  (10.0.19044) 64bit CoreSingleLanguage' Language: 'en' Physical Memory: 7541 MB
BatchMode: 1, IsHumanControllingUs: 0, StartBugReporterOnCrash: 0, Is64bit: 1, IsPro: 1

COMMAND LINE ARGUMENTS:
C:\Program Files\Unity\Hub\Editor\2021.3.10f1\Editor\Unity.exe
-adb2
-batchMode
-noUpm
-name
AssetImportWorker2
-projectPath
C:/Users/akash/Maze_Game
-logFile
Logs/AssetImportWorker2.log
-srvPort
52116
Successfully changed project path to: C:/Users/akash/Maze_Game
C:/Users/akash/Maze_Game
[UnityMemory] Configuration Parameters - Can be set up in boot.config
    "memorysetup-bucket-allocator-granularity=16"
    "memorysetup-bucket-allocator-bucket-count=8"
    "memorysetup-bucket-allocator-block-size=33554432"
    "memorysetup-bucket-allocator-block-count=8"
    "memorysetup-main-allocator-block-size=16777216"
    "memorysetup-thread-allocator-block-size=16777216"
    "memorysetup-gfx-main-allocator-block-size=16777216"
    "memorysetup-gfx-thread-allocator-block-size=16777216"
    "memorysetup-cache-allocator-block-size=4194304"
    "memorysetup-typetree-allocator-block-size=2097152"
    "memorysetup-profiler-bucket-allocator-granularity=16"
    "memorysetup-profiler-bucket-allocator-bucket-count=8"
    "memorysetup-profiler-bucket-allocator-block-size=33554432"
    "memorysetup-profiler-bucket-allocator-block-count=8"
    "memorysetup-profiler-allocator-block-size=16777216"
    "memorysetup-profiler-editor-allocator-block-size=1048576"
    "memorysetup-temp-allocator-size-main=16777216"
    "memorysetup-job-temp-allocator-block-size=2097152"
    "memorysetup-job-temp-allocator-block-size-background=1048576"
    "memorysetup-job-temp-allocator-reduction-small-platforms=262144"
    "memorysetup-temp-allocator-size-background-worker=32768"
    "memorysetup-temp-allocator-size-job-worker=262144"
    "memorysetup-temp-allocator-size-preload-manager=33554432"
    "memorysetup-temp-allocator-size-nav-mesh-worker=65536"
    "memorysetup-temp-allocator-size-audio-worker=65536"
    "memorysetup-temp-allocator-size-cloud-worker=32768"
    "memorysetup-temp-allocator-size-gi-baking-worker=262144"
    "memorysetup-temp-allocator-size-gfx=262144"
Refreshing native plugins compatible for Editor in 168.87 ms, found 3 plugins.
Preloading 0 native plugins for Editor in 0.00 ms.
Initialize engine version: 2021.3.10f1 (1c7d0df0160b)
[Subsystems] Discovering subsystems at path C:/Program Files/Unity/Hub/Editor/2021.3.10f1/Editor/Data/Resources/UnitySubsystems
[Subsystems] Discovering subsystems at path C:/Users/akash/Maze_Game/Assets
GfxDevice: creating device client; threaded=0; jobified=0
Direct3D:
    Version:  Direct3D 11.0 [level 11.1]
    Renderer: NVIDIA GeForce GTX 1650 (ID=0x1f99)
    Vendor:   NVIDIA
    VRAM:     3962 MB
    Driver:   30.0.15.1278
Initialize mono
Mono path[0] = 'C:/Program Files/Unity/Hub/Editor/2021.3.10f1/Editor/Data/Managed'
Mono path[1] = 'C:/Program Files/Unity/Hub/Editor/2021.3.10f1/Editor/Data/MonoBleedingEdge/lib/mono/unityjit-win32'
Mono config path = 'C:/Program Files/Unity/Hub/Editor/2021.3.10f1/Editor/Data/MonoBleedingEdge/etc'
Using monoOptions --debugger-agent=transport=dt_socket,embedding=1,server=y,suspend=n,address=127.0.0.1:56756
Begin MonoManager ReloadAssembly
Registering precompiled unity dll's ...
Register platform support module: C:/Program Files/Unity/Hub/Editor/2021.3.10f1/Editor/Data/PlaybackEngines/WebGLSupport/UnityEditor.WebGL.Extensions.dll
Register platform support module: C:/Program Files/Unity/Hub/Editor/2021.3.10f1/Editor/Data/PlaybackEngines/AndroidPlayer/UnityEditor.Android.Extensions.dll
Register platform support module: C:/Program Files/Unity/Hub/Editor/2021.3.10f1/Editor/Data/PlaybackEngines/WindowsStandaloneSupport/UnityEditor.WindowsStandalone.Extensions.dll
Registered in 0.028485 seconds.
Native extension for WindowsStandalone target not found
Native extension for Android target not found
Native extension for WebGL target not found
Refreshing native plugins compatible for Editor in 172.94 ms, found 3 plugins.
Preloading 0 native plugins for Editor in 0.00 ms.
Mono: successfully reloaded assembly
- Completed reload, in  1.438 seconds
Domain Reload Profiling:
	ReloadAssembly (1439ms)
		BeginReloadAssembly (227ms)
			ExecutionOrderSort (0ms)
			DisableScriptedObjects (0ms)
			BackupInstance (0ms)
			ReleaseScriptingObjects (0ms)
			CreateAndSetChildDomain (1ms)
		EndReloadAssembly (969ms)
			LoadAssemblies (224ms)
			RebuildTransferFunctionScriptingTraits (0ms)
			SetupTypeCache (193ms)
			ReleaseScriptCaches (0ms)
			RebuildScriptCaches (48ms)
			SetupLoadedEditorAssemblies (621ms)
				LogAssemblyErrors (0ms)
				InitializePlatformSupportModulesInManaged (129ms)
				SetLoadedEditorAssemblies (3ms)
				RefreshPlugins (173ms)
				BeforeProcessingInitializeOnLoad (3ms)
				ProcessInitializeOnLoadAttributes (228ms)
				ProcessInitializeOnLoadMethodAttributes (86ms)
				AfterProcessingInitializeOnLoad (0ms)
				EditorAssembliesLoaded (0ms)
			ExecutionOrderSort2 (0ms)
			AwakeInstancesAfterBackupRestoration (0ms)
Platform modules already initialized, skipping
Registering precompiled user dll's ...
Registered in 0.025939 seconds.
Begin MonoManager ReloadAssembly
Symbol file LoadedFromMemory doesn't match image C:\Users\akash\Maze_Game\Library\PackageCache\com.unity.visualscripting@1.7.8\Editor\VisualScripting.Core\Dependencies\YamlDotNet\Unity.VisualScripting.YamlDotNet.dll
Symbol file LoadedFromMemory doesn't match image C:\Users\akash\Maze_Game\Library\PackageCache\com.unity.visualscripting@1.7.8\Editor\VisualScripting.Core\Dependencies\DotNetZip\Unity.VisualScripting.IonicZip.dll
Native extension for WindowsStandalone target not found
Native extension for Android target not found
Native extension for WebGL target not found
Refreshing native plugins compatible for Editor in 0.90 ms, found 3 plugins.
Preloading 0 native plugins for Editor in 0.00 ms.
Mono: successfully reloaded assembly
- Completed reload, in  2.513 seconds
Domain Reload Profiling:
	ReloadAssembly (2515ms)
		BeginReloadAssembly (465ms)
			ExecutionOrderSort (0ms)
			DisableScriptedObjects (17ms)
			BackupInstance (0ms)
			ReleaseScriptingObjects (0ms)
			CreateAndSetChildDomain (163ms)
		EndReloadAssembly (1790ms)
			LoadAssemblies (306ms)
			RebuildTransferFunctionScriptingTraits (0ms)
			SetupTypeCache (518ms)
			ReleaseScriptCaches (1ms)
			RebuildScriptCaches (122ms)
			SetupLoadedEditorAssemblies (821ms)
				LogAssemblyErrors (0ms)
				InitializePlatformSupportModulesInManaged (40ms)
				SetLoadedEditorAssemblies (1ms)
				RefreshPlugins (1ms)
				BeforeProcessingInitializeOnLoad (197ms)
				ProcessInitializeOnLoadAttributes (508ms)
				ProcessInitializeOnLoadMethodAttributes (50ms)
				AfterProcessingInitializeOnLoad (23ms)
				EditorAssembliesLoaded (0ms)
			ExecutionOrderSort2 (0ms)
			AwakeInstancesAfterBackupRestoration (14ms)
Platform modules already initialized, skipping
========================================================================
Worker process is ready to serve import requests
Launched and connected shader compiler UnityShaderCompiler.exe after 0.10 seconds
Refreshing native plugins compatible for Editor in 1.28 ms, found 3 plugins.
Preloading 0 native plugins for Editor in 0.00 ms.
Unloading 3380 Unused Serialized files (Serialized files now loaded: 0)
Unloading 27 unused Assets / (113.8 KB). Loaded Objects now: 3839.
Memory consumption went from 116.2 MB to 116.1 MB.
Total: 6.734800 ms (FindLiveObjects: 0.537000 ms CreateObjectMapping: 0.250700 ms MarkObjects: 5.734000 ms  DeleteObjects: 0.210600 ms)

AssetImportParameters requested are different than current active one (requested -> active):
  custom:video-decoder-ogg-theora: a1e56fd34408186e4bbccfd4996cb3dc -> 
  custom:container-muxer-webm: aa71ff27fc2769a1b78a27578f13a17b -> 
  custom:container-demuxer-webm: 4f35f7cbe854078d1ac9338744f61a02 -> 
  custom:video-encoder-webm-vp8: eb34c28f22e8b96e1ab97ce403110664 -> 
  custom:video-codec-MediaFoundation-h265: 746d11721c4dcdbdad8f713fa42b33f4 -> 
  custom:audio-encoder-webm-vorbis: bf7c407c2cedff20999df2af8eb42d56 -> 
  custom:framework-win-MediaFoundation: 216162199b28c13a410421893ffa2e32 -> 
  custom:container-demuxer-ogg: 62fdf1f143b41e24485cea50d1cbac27 -> 
  custom:video-decoder-webm-vp8: 9c59270c3fd7afecdb556c50c9e8de78 -> 
  custom:audio-decoder-ogg-vorbis: bf7c407c2cedff20999df2af8eb42d56 -> 
========================================================================
Received Import Request.
  Time since last request: 124799.337529 seconds.
  path: Assets/Textures
  artifactKey: Guid(22ba41d10dcdc6745bad5279dea4d4d6) Importer(815301076,1909f56bfc062723c751e8b465ee728b)
Start importing Assets/Textures using Guid(22ba41d10dcdc6745bad5279dea4d4d6) Importer(815301076,1909f56bfc062723c751e8b465ee728b)  -> (artifact id: '2b28d2987dedca7f3623d1bf87c3f0ee') in 0.017124 seconds 
========================================================================
Received Import Request.
  Time since last request: 102.248364 seconds.
  path: Assets/Textures/Corner.png
  artifactKey: Guid(d0ffd0e742e48fe4598e0aaa26dc7c19) Importer(815301076,1909f56bfc062723c751e8b465ee728b)
Start importing Assets/Textures/Corner.png using Guid(d0ffd0e742e48fe4598e0aaa26dc7c19) Importer(815301076,1909f56bfc062723c751e8b465ee728b)  -> (artifact id: '9bf62c491b732f635ad308c84e294838') in 0.168251 seconds 
========================================================================
Received Import Request.
  Time since last request: 0.000055 seconds.
  path: Assets/Textures/Straight.png
  artifactKey: Guid(3c08f51cca4bd8549bea6d750781f232) Importer(815301076,1909f56bfc062723c751e8b465ee728b)
Start importing Assets/Textures/Straight.png using Guid(3c08f51cca4bd8549bea6d750781f232) Importer(815301076,1909f56bfc062723c751e8b465ee728b)  -> (artifact id: '63467341d3eb611ac230d22852a71d1a') in 0.021519 seconds 
========================================================================
Received Import Request.
  Time since last request: 0.000047 seconds.
  path: Assets/Textures/Planebump.png
  artifactKey: Guid(f89ca7f4018742845910149ee9c3f060) Importer(815301076,1909f56bfc062723c751e8b465ee728b)
Start importing Assets/Textures/Planebump.png using Guid(f89ca7f4018742845910149ee9c3f060) Importer(815301076,1909f56bfc062723c751e8b465ee728b)  -> (artifact id: '286f5a26c9b7e9ad4322d6ddecdf231c') in 0.020334 seconds 
========================================================================
Received Import Request.
  Time since last request: 0.000041 seconds.
  path: Assets/Textures/FireGun.png
  artifactKey: Guid(afd562e2e52bca14c8ffa31ebce441ea) Importer(815301076,1909f56bfc062723c751e8b465ee728b)
Start importing Assets/Textures/FireGun.png using Guid(afd562e2e52bca14c8ffa31ebce441ea) Importer(815301076,1909f56bfc062723c751e8b465ee728b)  -> (artifact id: '460ec8ee6eb6bd2d3b2992da9f32e475') in 0.025477 seconds 
========================================================================
Received Import Request.
  Time since last request: 0.000047 seconds.
  path: Assets/Textures/TShape.png
  artifactKey: Guid(1040a5e61f7230740a1eef73ac5eebb1) Importer(815301076,1909f56bfc062723c751e8b465ee728b)
Start importing Assets/Textures/TShape.png using Guid(1040a5e61f7230740a1eef73ac5eebb1) Importer(815301076,1909f56bfc062723c751e8b465ee728b)  -> (artifact id: '611583b403468002545f7d4861a67c5b') in 0.021843 seconds 
========================================================================
Received Import Request.
  Time since last request: 0.000043 seconds.
  path: Assets/Textures/Projectile1.png
  artifactKey: Guid(1563b96b836bb1f47a6dd467c6449202) Importer(815301076,1909f56bfc062723c751e8b465ee728b)
Start importing Assets/Textures/Projectile1.png using Guid(1563b96b836bb1f47a6dd467c6449202) Importer(815301076,1909f56bfc062723c751e8b465ee728b)  -> (artifact id: 'ecb7165d0eb84d7d18ef2682c23d3030') in 0.020497 seconds 
========================================================================
Received Import Request.
  Time since last request: 11.082036 seconds.
  path: Assets/Scenes
  artifactKey: Guid(6ea315d0fd7389c41b19996891e99ae3) Importer(815301076,1909f56bfc062723c751e8b465ee728b)
Start importing Assets/Scenes using Guid(6ea315d0fd7389c41b19996891e99ae3) Importer(815301076,1909f56bfc062723c751e8b465ee728b)  -> (artifact id: 'b8193726cff86800c54781cdc6d54904') in 0.004112 seconds 
========================================================================
Received Import Request.
  Time since last request: 45.324806 seconds.
  path: Assets/Models/Corner.fbx
  artifactKey: Guid(76a4a62aa0f494a438b9c1f1049d3b16) Importer(815301076,1909f56bfc062723c751e8b465ee728b)
Start importing Assets/Models/Corner.fbx using Guid(76a4a62aa0f494a438b9c1f1049d3b16) Importer(815301076,1909f56bfc062723c751e8b465ee728b)  -> (artifact id: '0b27f5a0d3fd1faa6d1d1f9a1c686a54') in 0.732034 seconds 
========================================================================
Received Import Request.
  Time since last request: 0.000049 seconds.
  path: Assets/Models/Plane.fbx
  artifactKey: Guid(13106b80f5402054792f5510d7d517c5) Importer(815301076,1909f56bfc062723c751e8b465ee728b)
Start importing Assets/Models/Plane.fbx using Guid(13106b80f5402054792f5510d7d517c5) Importer(815301076,1909f56bfc062723c751e8b465ee728b)  -> (artifact id: '203ba0156467af53494b9c60f26d8600') in 0.045912 seconds 
========================================================================
Received Import Request.
  Time since last request: 0.000087 seconds.
  path: Assets/Models/Straight.fbx
  artifactKey: Guid(b5a6e48562cea004ba0de7484a65cf5d) Importer(815301076,1909f56bfc062723c751e8b465ee728b)
Start importing Assets/Models/Straight.fbx using Guid(b5a6e48562cea004ba0de7484a65cf5d) Importer(815301076,1909f56bfc062723c751e8b465ee728b)  -> (artifact id: '4fc8b62b6ef69223bd31876bf017ea95') in 0.130867 seconds 
========================================================================
Received Import Request.
  Time since last request: 0.000046 seconds.
  path: Assets/Models/Walls1.fbx
  artifactKey: Guid(032138c37b9842a479c4eb871dbd986d) Importer(815301076,1909f56bfc062723c751e8b465ee728b)
Start importing Assets/Models/Walls1.fbx using Guid(032138c37b9842a479c4eb871dbd986d) Importer(815301076,1909f56bfc062723c751e8b465ee728b)  -> (artifact id: '4a206ee926be74cd48195d5b95cf5dd8') in 0.040718 seconds 
========================================================================
Received Import Request.
  Time since last request: 0.000054 seconds.
  path: Assets/Models/mYmAZE.fbx
  artifactKey: Guid(88c1ced87ad27e645a3595748a7cb80f) Importer(815301076,1909f56bfc062723c751e8b465ee728b)
Start importing Assets/Models/mYmAZE.fbx using Guid(88c1ced87ad27e645a3595748a7cb80f) Importer(815301076,1909f56bfc062723c751e8b465ee728b)  -> (artifact id: 'd2796fae0886d5b2dcba375296880c86') in 0.147032 seconds 
